-bash-4.2$ cat - | psql
SELECT d.datname AS Name,  pg_catalog.pg_get_userbyid(d.datdba) AS Owner,
    CASE WHEN pg_catalog.has_database_privilege(d.datname, 'CONNECT')
        THEN pg_catalog.pg_size_pretty(pg_catalog.pg_database_size(d.datname))
        ELSE 'No Access'
    END AS SIZE
FROM pg_catalog.pg_database d
    ORDER BY
    CASE WHEN pg_catalog.has_database_privilege(d.datname, 'CONNECT')
        THEN pg_catalog.pg_database_size(d.datname)
        ELSE NULL
    END DESC -- nulls first
    LIMIT 20
   name    |  owner   |   size
-----------+----------+----------
 zabbix    | zabbix   | 10015 MB
 postgres  | postgres | 6501 kB
 template1 | postgres | 6393 kB
 template0 | postgres | 6385 kB
(4 rows)
